生成启动时间为 2017/11/29 星期三 下午 1:56:21。
     1>项目“D:\1-项目\2-2英语tts\flite_front\front_flite_eng\flite_front\flite_front.vcxproj”在节点 2 上(Build 个目标)。
     1>ClCompile:
         C:\Program Files (x86)\Microsoft Visual Studio 12.0\VC\bin\CL.exe /c /I"D:\1-项目\2-2英语tts\flite_front\front_flite_eng\flite_front\include" /Zi /nologo /W3 /WX- /sdl /O2 /Oi /Oy- /GL /D WIN32 /D NDEBUG /D _CONSOLE /D _LIB /D _CRT_SECURE_NO_WARNINGS /D FLITE_PLUS_HTS_ENGINE /D _CRT_SECURE_NO_DEPRECATE /D _CRT_NONSTDC_NO_DEPRECATE /D _UNICODE /D UNICODE /Gm- /EHsc /MD /GS /Gy /fp:precise /Zc:wchar_t /Zc:forScope /Fo"Release\\" /Fd"Release\vc120.pdb" /Gd /TC /analyze- /errorReport:prompt src\main_flite_hts_engine.c
         main_flite_hts_engine.c
     1>src\main_flite_hts_engine.c(109): warning C4018: “<”: 有符号/无符号不匹配
       Link:
         C:\Program Files (x86)\Microsoft Visual Studio 12.0\VC\bin\link.exe /ERRORREPORT:PROMPT /OUT:"D:\1-项目\2-2英语tts\flite_front\front_flite_eng\Release\flite_front.exe" /INCREMENTAL:NO /NOLOGO kernel32.lib user32.lib gdi32.lib winspool.lib comdlg32.lib advapi32.lib shell32.lib ole32.lib oleaut32.lib uuid.lib odbc32.lib odbccp32.lib /MANIFEST /MANIFESTUAC:"level='asInvoker' uiAccess='false'" /manifest:embed /DEBUG /PDB:"D:\1-项目\2-2英语tts\flite_front\front_flite_eng\Release\flite_front.pdb" /SUBSYSTEM:CONSOLE /OPT:REF /OPT:ICF /LTCG /TLBID:1 /DYNAMICBASE /NXCOMPAT /IMPLIB:"D:\1-项目\2-2英语tts\flite_front\front_flite_eng\Release\flite_front.lib" /MACHINE:X86 /SAFESEH Release\cmu_lex.obj
         Release\cmu_lex_data.obj
         Release\cmu_lex_entries.obj
         Release\cmu_lts_model.obj
         Release\cmu_lts_rules.obj
         Release\cmu_postlex.obj
         Release\cmu_us_kal.obj
         Release\cst_alloc.obj
         Release\cst_cart.obj
         Release\cst_error.obj
         Release\cst_features.obj
         Release\cst_ffeature.obj
         Release\cst_ffeatures.obj
         Release\cst_item.obj
         Release\cst_lexicon.obj
         Release\cst_lts.obj
         Release\cst_phoneset.obj
         Release\cst_regex.obj
         Release\cst_relation.obj
         Release\cst_string.obj
         Release\cst_synth.obj
         Release\cst_tokenstream.obj
         Release\cst_utterance.obj
         Release\cst_utt_utils.obj
         Release\cst_val.obj
         Release\cst_val_const.obj
         Release\cst_val_user.obj
         Release\cst_voice.obj
         Release\flite.obj
         Release\flite_hts_engine.obj
         Release\main_flite_hts_engine.obj
         Release\regexp.obj
         Release\usenglish.obj
         Release\us_aswd.obj
         Release\us_expand.obj
         Release\us_ffeatures.obj
         Release\us_gpos.obj
         Release\us_int_accent_cart.obj
         Release\us_int_tone_cart.obj
         Release\us_nums_cart.obj
         Release\us_phoneset.obj
         Release\us_phrasing_cart.obj
         Release\us_pos_cart.obj
         Release\us_text.obj
         正在生成代码
         已完成代码的生成
         flite_front.vcxproj -> D:\1-项目\2-2英语tts\flite_front\front_flite_eng\Release\flite_front.exe
     1>已完成生成项目“D:\1-项目\2-2英语tts\flite_front\front_flite_eng\flite_front\flite_front.vcxproj”(Build 个目标)的操作。

生成成功。

已用时间 00:00:01.22
